{
  "RSpec": {
    "coverage": {
      "/Users/Nate/turing/3module/projects/wattsumsolar/app/helpers/application_helper.rb": [
        1,
        null
      ],
      "/Users/Nate/turing/3module/projects/wattsumsolar/app/models/state.rb": [
        1,
        null,
        1,
        1,
        3,
        null,
        null,
        null,
        1,
        7,
        null,
        null,
        1,
        7,
        2,
        5,
        3,
        2,
        1,
        null,
        1,
        null,
        null,
        null
      ],
      "/Users/Nate/turing/3module/projects/wattsumsolar/app/models/average_retail_price_of_electricity.rb": [
        1,
        null,
        1,
        1,
        1,
        1,
        null,
        null
      ],
      "/Users/Nate/turing/3module/projects/wattsumsolar/app/services/us_energy_information_service.rb": [
        1,
        1,
        null,
        1,
        2,
        2,
        null,
        null,
        1,
        2,
        null,
        null,
        1,
        null,
        1,
        2,
        null,
        null
      ],
      "/Users/Nate/turing/3module/projects/wattsumsolar/app/models/install_summary.rb": [
        1,
        1,
        null,
        1,
        3,
        null,
        null,
        1,
        1,
        1,
        null,
        null,
        1,
        1,
        1,
        null,
        null,
        1,
        1,
        1,
        null,
        null
      ],
      "/Users/Nate/turing/3module/projects/wattsumsolar/app/services/nrel_install_summary_service.rb": [
        1,
        1,
        null,
        1,
        5,
        5,
        null,
        null,
        1,
        3,
        null,
        null,
        1,
        2,
        null,
        null,
        1,
        null,
        1,
        5,
        null,
        null
      ],
      "/Users/Nate/turing/3module/projects/wattsumsolar/app/models/pv_watts.rb": [
        1,
        1,
        null,
        1,
        1,
        null,
        null,
        1,
        1,
        null,
        null,
        null,
        1,
        null,
        null
      ],
      "/Users/Nate/turing/3module/projects/wattsumsolar/app/services/nrel_pv_watts_service.rb": [
        1,
        1,
        null,
        1,
        2,
        2,
        null,
        null,
        1,
        2,
        null,
        null,
        null,
        1,
        1,
        2,
        null,
        null
      ],
      "/Users/Nate/turing/3module/projects/wattsumsolar/app/helpers/us_states.rb": [
        1,
        null,
        1,
        null,
        1,
        null,
        null,
        null,
        null,
        null,
        null,
        null,
        null,
        null,
        null,
        null,
        null,
        null,
        null,
        null,
        null,
        null,
        null,
        null,
        null,
        null,
        null,
        null,
        null,
        null,
        null,
        null,
        null,
        null,
        null,
        null,
        null,
        null,
        null,
        null,
        null,
        null,
        null,
        null,
        null,
        null,
        null,
        null,
        null,
        null,
        null,
        null,
        null,
        null,
        null,
        null,
        null,
        null,
        null
      ],
      "/Users/Nate/turing/3module/projects/wattsumsolar/app/controllers/api/v1/states_controller.rb": [
        1,
        1,
        1,
        1,
        null,
        1,
        1,
        null,
        null,
        null,
        null
      ],
      "/Users/Nate/turing/3module/projects/wattsumsolar/app/controllers/application_controller.rb": [
        1,
        null,
        null,
        1,
        null
      ],
      "/Users/Nate/turing/3module/projects/wattsumsolar/app/controllers/solar_calculator_controller.rb": [
        0,
        0,
        0,
        0,
        0,
        0
      ],
      "/Users/Nate/turing/3module/projects/wattsumsolar/app/controllers/welcome_controller.rb": [
        0,
        0,
        0,
        0,
        0
      ],
      "/Users/Nate/turing/3module/projects/wattsumsolar/app/models/database_updater.rb": [
        0,
        0,
        0,
        0,
        0,
        0,
        0,
        0,
        0,
        0,
        0,
        0,
        0,
        0,
        0,
        0,
        0,
        0,
        0
      ]
    },
    "timestamp": 1461347268
  }
}
